<?xml version="1.0" encoding="UTF-8"?>
<!-- Generated by org.testng.reporters.JUnitXMLReporter -->
<testsuite ignored="0" hostname="DESKTOP-L4VJQHV" failures="0" tests="4" name="Surefire test" time="25.78" errors="0" timestamp="2025-03-27T09:56:11 NZDT">
  <testcase classname="com.test.contactpagetest.ContactPageTest" name="testContactPageFormErrorMessagesForMandatoryFields" time="1.572"/>
  <testcase classname="com.test.contactpagetest.ContactPageTest" name="testContactPageFormSucessfulSubmission" time="3.092"/>
  <testcase classname="com.test.homepagetest.HomePageTest" name="testHomePage" time="0.028"/>
  <testcase classname="com.test.shoppingcarttest.ShoppingCartTest" name="testShoppingCart" time="4.195"/>
</testsuite> <!-- Surefire test -->
