<?xml version="1.0" encoding="UTF-8"?>
<!-- Generated by org.testng.reporters.JUnitXMLReporter -->
<testsuite ignored="0" hostname="DESKTOP-L4VJQHV" failures="0" tests="3" name="Surefire test" time="20.486" errors="0" timestamp="2025-03-25T23:16:14 NZDT">
  <testcase classname="com.test.contactpagetest.ContactPageTest" name="testContactPageForm" time="1.081"/>
  <testcase classname="com.test.contactpagetest.ContactPageTest" name="testContactPageFormSubmission" time="6.673"/>
  <testcase classname="com.test.homepagetest.JupiterHomePageTest" name="testHomePage" time="0.028"/>
</testsuite> <!-- Surefire test -->
