<?xml version="1.0" encoding="UTF-8"?>
<testng-results ignored="0" total="1" passed="1" failed="0" skipped="0">
  <reporter-output>
  </reporter-output>
  <suite started-at="2025-03-25T17:40:08 NZDT" name="Surefire suite" finished-at="2025-03-25T17:40:13 NZDT" duration-ms="5445">
    <groups>
    </groups>
    <test started-at="2025-03-25T17:40:08 NZDT" name="Surefire test" finished-at="2025-03-25T17:40:13 NZDT" duration-ms="5445">
      <class name="com.test.homepage.JupiterHomePageTest">
        <test-method is-config="true" signature="startReport()[pri:0, instance:com.test.homepage.JupiterHomePageTest@7722c3c3]" started-at="2025-03-25T17:40:08 NZDT" name="startReport" finished-at="2025-03-25T17:40:08 NZDT" duration-ms="215" status="PASS">
          <reporter-output>
          </reporter-output>
        </test-method> <!-- startReport -->
        <test-method is-config="true" signature="setup()[pri:0, instance:com.test.homepage.JupiterHomePageTest@7722c3c3]" started-at="2025-03-25T17:40:08 NZDT" name="setup" finished-at="2025-03-25T17:40:13 NZDT" duration-ms="5144" status="PASS">
          <reporter-output>
          </reporter-output>
        </test-method> <!-- setup -->
        <test-method signature="testHomePage()[pri:0, instance:com.test.homepage.JupiterHomePageTest@7722c3c3]" started-at="2025-03-25T17:40:13 NZDT" name="testHomePage" description="This test validates the Trade me landing page title" finished-at="2025-03-25T17:40:13 NZDT" duration-ms="60" status="PASS">
          <reporter-output>
          </reporter-output>
        </test-method> <!-- testHomePage -->
        <test-method is-config="true" signature="getResult(org.testng.ITestResult)[pri:0, instance:com.test.homepage.JupiterHomePageTest@7722c3c3]" started-at="2025-03-25T17:40:13 NZDT" name="getResult" finished-at="2025-03-25T17:40:13 NZDT" duration-ms="208" status="PASS">
          <params>
            <param index="0">
              <value>
                <![CDATA[[TestResult name=testHomePage status=SUCCESS method=JupiterHomePageTest.testHomePage()[pri:0, instance:com.test.homepage.JupiterHomePageTest@7722c3c3] output={null}]]]>
              </value>
            </param>
          </params>
          <reporter-output>
          </reporter-output>
        </test-method> <!-- getResult -->
        <test-method is-config="true" signature="endReport()[pri:0, instance:com.test.homepage.JupiterHomePageTest@7722c3c3]" started-at="2025-03-25T17:40:13 NZDT" name="endReport" finished-at="2025-03-25T17:40:14 NZDT" duration-ms="270" status="PASS">
          <reporter-output>
          </reporter-output>
        </test-method> <!-- endReport -->
      </class> <!-- com.test.homepage.JupiterHomePageTest -->
    </test> <!-- Surefire test -->
  </suite> <!-- Surefire suite -->
</testng-results>
