<?xml version="1.0" encoding="UTF-8"?>
<testng-results ignored="0" total="4" passed="4" failed="0" skipped="0">
  <reporter-output>
  </reporter-output>
  <suite started-at="2025-03-27T10:10:02 NZDT" name="Surefire suite" finished-at="2025-03-27T10:10:26 NZDT" duration-ms="24674">
    <groups>
    </groups>
    <test started-at="2025-03-27T10:10:02 NZDT" name="Surefire test" finished-at="2025-03-27T10:10:26 NZDT" duration-ms="24674">
      <class name="com.test.contactpagetest.ContactPageTest">
        <test-method is-config="true" signature="startReport()[pri:0, instance:com.test.contactpagetest.ContactPageTest@6d7b2319]" started-at="2025-03-27T10:10:02 NZDT" name="startReport" finished-at="2025-03-27T10:10:02 NZDT" duration-ms="214" status="PASS">
          <reporter-output>
          </reporter-output>
        </test-method> <!-- startReport -->
        <test-method is-config="true" signature="setup()[pri:0, instance:com.test.contactpagetest.ContactPageTest@6d7b2319]" started-at="2025-03-27T10:10:02 NZDT" name="setup" finished-at="2025-03-27T10:10:06 NZDT" duration-ms="4450" status="PASS">
          <reporter-output>
          </reporter-output>
        </test-method> <!-- setup -->
        <test-method signature="testContactPageFormErrorMessagesForMandatoryFields()[pri:0, instance:com.test.contactpagetest.ContactPageTest@6d7b2319]" started-at="2025-03-27T10:10:06 NZDT" name="testContactPageFormErrorMessagesForMandatoryFields" description="This test validates the error messages on contact page" finished-at="2025-03-27T10:10:07 NZDT" duration-ms="1047" status="PASS">
          <reporter-output>
          </reporter-output>
        </test-method> <!-- testContactPageFormErrorMessagesForMandatoryFields -->
        <test-method is-config="true" signature="getResult(org.testng.ITestResult)[pri:0, instance:com.test.contactpagetest.ContactPageTest@6d7b2319]" started-at="2025-03-27T10:10:07 NZDT" name="getResult" finished-at="2025-03-27T10:10:07 NZDT" duration-ms="204" status="PASS">
          <params>
            <param index="0">
              <value>
                <![CDATA[[TestResult name=testContactPageFormErrorMessagesForMandatoryFields status=SUCCESS method=ContactPageTest.testContactPageFormErrorMessagesForMandatoryFields()[pri:0, instance:com.test.contactpagetest.ContactPageTest@6d7b2319] output={null}]]]>
              </value>
            </param>
          </params>
          <reporter-output>
          </reporter-output>
        </test-method> <!-- getResult -->
        <test-method is-config="true" signature="setup()[pri:0, instance:com.test.contactpagetest.ContactPageTest@6d7b2319]" started-at="2025-03-27T10:10:07 NZDT" name="setup" finished-at="2025-03-27T10:10:11 NZDT" duration-ms="3707" status="PASS">
          <reporter-output>
          </reporter-output>
        </test-method> <!-- setup -->
        <test-method signature="testContactPageFormSucessfulSubmission()[pri:0, instance:com.test.contactpagetest.ContactPageTest@6d7b2319]" started-at="2025-03-27T10:10:11 NZDT" name="testContactPageFormSucessfulSubmission" description="This test validates successful submission on contact page form" finished-at="2025-03-27T10:10:14 NZDT" duration-ms="2541" status="PASS">
          <reporter-output>
          </reporter-output>
        </test-method> <!-- testContactPageFormSucessfulSubmission -->
        <test-method is-config="true" signature="getResult(org.testng.ITestResult)[pri:0, instance:com.test.contactpagetest.ContactPageTest@6d7b2319]" started-at="2025-03-27T10:10:14 NZDT" name="getResult" finished-at="2025-03-27T10:10:14 NZDT" duration-ms="272" status="PASS">
          <params>
            <param index="0">
              <value>
                <![CDATA[[TestResult name=testContactPageFormSucessfulSubmission status=SUCCESS method=ContactPageTest.testContactPageFormSucessfulSubmission()[pri:0, instance:com.test.contactpagetest.ContactPageTest@6d7b2319] output={null}]]]>
              </value>
            </param>
          </params>
          <reporter-output>
          </reporter-output>
        </test-method> <!-- getResult -->
        <test-method is-config="true" signature="endReport()[pri:0, instance:com.test.contactpagetest.ContactPageTest@6d7b2319]" started-at="2025-03-27T10:10:14 NZDT" name="endReport" finished-at="2025-03-27T10:10:14 NZDT" duration-ms="268" status="PASS">
          <reporter-output>
          </reporter-output>
        </test-method> <!-- endReport -->
      </class> <!-- com.test.contactpagetest.ContactPageTest -->
      <class name="com.test.shoppingcarttest.ShoppingCartTest">
        <test-method is-config="true" signature="startReport()[pri:0, instance:com.test.shoppingcarttest.ShoppingCartTest@4373a443]" started-at="2025-03-27T10:10:18 NZDT" name="startReport" finished-at="2025-03-27T10:10:18 NZDT" duration-ms="2" status="PASS">
          <reporter-output>
          </reporter-output>
        </test-method> <!-- startReport -->
        <test-method is-config="true" signature="setup()[pri:0, instance:com.test.shoppingcarttest.ShoppingCartTest@4373a443]" started-at="2025-03-27T10:10:18 NZDT" name="setup" finished-at="2025-03-27T10:10:22 NZDT" duration-ms="3666" status="PASS">
          <reporter-output>
          </reporter-output>
        </test-method> <!-- setup -->
        <test-method signature="testShoppingCart()[pri:0, instance:com.test.shoppingcarttest.ShoppingCartTest@4373a443]" started-at="2025-03-27T10:10:22 NZDT" name="testShoppingCart" description="This test validates behavior of selecting items from shopping menu then validating information on cart page" finished-at="2025-03-27T10:10:26 NZDT" duration-ms="4070" status="PASS">
          <reporter-output>
          </reporter-output>
        </test-method> <!-- testShoppingCart -->
        <test-method is-config="true" signature="getResult(org.testng.ITestResult)[pri:0, instance:com.test.shoppingcarttest.ShoppingCartTest@4373a443]" started-at="2025-03-27T10:10:26 NZDT" name="getResult" finished-at="2025-03-27T10:10:26 NZDT" duration-ms="214" status="PASS">
          <params>
            <param index="0">
              <value>
                <![CDATA[[TestResult name=testShoppingCart status=SUCCESS method=ShoppingCartTest.testShoppingCart()[pri:0, instance:com.test.shoppingcarttest.ShoppingCartTest@4373a443] output={null}]]]>
              </value>
            </param>
          </params>
          <reporter-output>
          </reporter-output>
        </test-method> <!-- getResult -->
        <test-method is-config="true" signature="endReport()[pri:0, instance:com.test.shoppingcarttest.ShoppingCartTest@4373a443]" started-at="2025-03-27T10:10:26 NZDT" name="endReport" finished-at="2025-03-27T10:10:26 NZDT" duration-ms="23" status="PASS">
          <reporter-output>
          </reporter-output>
        </test-method> <!-- endReport -->
      </class> <!-- com.test.shoppingcarttest.ShoppingCartTest -->
      <class name="com.test.homepagetest.HomePageTest">
        <test-method is-config="true" signature="startReport()[pri:0, instance:com.test.homepagetest.HomePageTest@32192a69]" started-at="2025-03-27T10:10:14 NZDT" name="startReport" finished-at="2025-03-27T10:10:14 NZDT" duration-ms="0" status="PASS">
          <reporter-output>
          </reporter-output>
        </test-method> <!-- startReport -->
        <test-method is-config="true" signature="setup()[pri:0, instance:com.test.homepagetest.HomePageTest@32192a69]" started-at="2025-03-27T10:10:14 NZDT" name="setup" finished-at="2025-03-27T10:10:18 NZDT" duration-ms="3708" status="PASS">
          <reporter-output>
          </reporter-output>
        </test-method> <!-- setup -->
        <test-method signature="testHomePage()[pri:0, instance:com.test.homepagetest.HomePageTest@32192a69]" started-at="2025-03-27T10:10:18 NZDT" name="testHomePage" description="This test validates the Jupiter toys hope page title" finished-at="2025-03-27T10:10:18 NZDT" duration-ms="29" status="PASS">
          <reporter-output>
          </reporter-output>
        </test-method> <!-- testHomePage -->
        <test-method is-config="true" signature="getResult(org.testng.ITestResult)[pri:0, instance:com.test.homepagetest.HomePageTest@32192a69]" started-at="2025-03-27T10:10:18 NZDT" name="getResult" finished-at="2025-03-27T10:10:18 NZDT" duration-ms="190" status="PASS">
          <params>
            <param index="0">
              <value>
                <![CDATA[[TestResult name=testHomePage status=SUCCESS method=HomePageTest.testHomePage()[pri:0, instance:com.test.homepagetest.HomePageTest@32192a69] output={null}]]]>
              </value>
            </param>
          </params>
          <reporter-output>
          </reporter-output>
        </test-method> <!-- getResult -->
        <test-method is-config="true" signature="endReport()[pri:0, instance:com.test.homepagetest.HomePageTest@32192a69]" started-at="2025-03-27T10:10:18 NZDT" name="endReport" finished-at="2025-03-27T10:10:18 NZDT" duration-ms="11" status="PASS">
          <reporter-output>
          </reporter-output>
        </test-method> <!-- endReport -->
      </class> <!-- com.test.homepagetest.HomePageTest -->
    </test> <!-- Surefire test -->
  </suite> <!-- Surefire suite -->
</testng-results>
